TN:
SF:/Users/sahilbalodi/Desktop/dbms/models/index.js
FN:19,(anonymous_0)
FN:22,(anonymous_1)
FN:27,(anonymous_2)
FNF:3
FNH:3
FNDA:8,(anonymous_0)
FNDA:6,(anonymous_1)
FNDA:6,(anonymous_2)
DA:3,2
DA:4,2
DA:5,2
DA:6,2
DA:7,2
DA:8,2
DA:9,2
DA:11,2
DA:12,0
DA:14,2
DA:17,2
DA:20,8
DA:23,6
DA:24,6
DA:27,2
DA:28,6
DA:29,0
DA:33,2
DA:34,2
DA:36,2
LF:20
LH:18
BRDA:7,0,0,2
BRDA:7,0,1,0
BRDA:11,1,0,0
BRDA:11,1,1,2
BRDA:20,2,0,8
BRDA:20,2,1,8
BRDA:20,2,2,6
BRDA:28,3,0,0
BRDA:28,3,1,6
BRF:9
BRH:6
end_of_record
TN:
SF:/Users/sahilbalodi/Desktop/dbms/models/questions.js
FN:2,(anonymous_0)
FNF:1
FNH:1
FNDA:2,(anonymous_0)
DA:2,2
DA:3,2
DA:18,2
LF:3
LH:3
BRF:0
BRH:0
end_of_record
TN:
SF:/Users/sahilbalodi/Desktop/dbms/models/response.js
FN:2,(anonymous_0)
FNF:1
FNH:1
FNDA:2,(anonymous_0)
DA:2,2
DA:3,2
DA:20,2
DA:21,2
LF:4
LH:4
BRF:0
BRH:0
end_of_record
TN:
SF:/Users/sahilbalodi/Desktop/dbms/models/user.js
FN:2,(anonymous_0)
FNF:1
FNH:1
FNDA:2,(anonymous_0)
DA:2,2
DA:3,2
DA:16,2
LF:3
LH:3
BRF:0
BRH:0
end_of_record
