TN:
SF:/Users/sahilbalodi/Desktop/dbms/models/index.js
FN:19,(anonymous_0)
FN:22,(anonymous_1)
FN:27,(anonymous_2)
FNF:3
FNH:3
FNDA:12,(anonymous_0)
FNDA:9,(anonymous_1)
FNDA:9,(anonymous_2)
DA:3,3
DA:4,3
DA:5,3
DA:6,3
DA:7,3
DA:8,3
DA:9,3
DA:11,3
DA:12,0
DA:14,3
DA:17,3
DA:20,12
DA:23,9
DA:24,9
DA:27,3
DA:28,9
DA:29,0
DA:33,3
DA:34,3
DA:36,3
LF:20
LH:18
BRDA:7,0,0,3
BRDA:7,0,1,0
BRDA:11,1,0,0
BRDA:11,1,1,3
BRDA:20,2,0,12
BRDA:20,2,1,12
BRDA:20,2,2,9
BRDA:28,3,0,0
BRDA:28,3,1,9
BRF:9
BRH:6
end_of_record
TN:
SF:/Users/sahilbalodi/Desktop/dbms/models/questions.js
FN:2,(anonymous_0)
FNF:1
FNH:1
FNDA:3,(anonymous_0)
DA:2,3
DA:3,3
DA:18,3
LF:3
LH:3
BRF:0
BRH:0
end_of_record
TN:
SF:/Users/sahilbalodi/Desktop/dbms/models/response.js
FN:2,(anonymous_0)
FNF:1
FNH:1
FNDA:3,(anonymous_0)
DA:2,3
DA:3,3
DA:20,3
DA:21,3
LF:4
LH:4
BRF:0
BRH:0
end_of_record
TN:
SF:/Users/sahilbalodi/Desktop/dbms/models/user.js
FN:2,(anonymous_0)
FNF:1
FNH:1
FNDA:3,(anonymous_0)
DA:2,3
DA:3,3
DA:16,3
LF:3
LH:3
BRF:0
BRH:0
end_of_record
